2022-02-04 07:38:27,852 [INFO] Env: init 25 node information:
nt1:
	neigbor: ['nt6', 'nt2']
	ilds_in: ['nt6_nt1_0', 'nt2_nt1_0', 'nt2_nt1_1', 'np1_nt1_0', 'np20_nt1_0', 'np20_nt1_1']
nt10:
	neigbor: ['nt15', 'nt5', 'nt9']
	ilds_in: ['nt15_nt10_0', 'np7_nt10_0', 'np7_nt10_1', 'nt5_nt10_0', 'nt9_nt10_0', 'nt9_nt10_1']
nt11:
	neigbor: ['nt16', 'nt12', 'nt6']
	ilds_in: ['nt16_nt11_0', 'nt12_nt11_0', 'nt12_nt11_1', 'nt6_nt11_0', 'np18_nt11_0', 'np18_nt11_1']
nt12:
	neigbor: ['nt17', 'nt13', 'nt7', 'nt11']
	ilds_in: ['nt17_nt12_0', 'nt13_nt12_0', 'nt13_nt12_1', 'nt7_nt12_0', 'nt11_nt12_0', 'nt11_nt12_1']
nt13:
	neigbor: ['nt18', 'nt14', 'nt8', 'nt12']
	ilds_in: ['nt18_nt13_0', 'nt14_nt13_0', 'nt14_nt13_1', 'nt8_nt13_0', 'nt12_nt13_0', 'nt12_nt13_1']
nt14:
	neigbor: ['nt19', 'nt15', 'nt9', 'nt13']
	ilds_in: ['nt19_nt14_0', 'nt15_nt14_0', 'nt15_nt14_1', 'nt9_nt14_0', 'nt13_nt14_0', 'nt13_nt14_1']
nt15:
	neigbor: ['nt20', 'nt10', 'nt14']
	ilds_in: ['nt20_nt15_0', 'np8_nt15_0', 'np8_nt15_1', 'nt10_nt15_0', 'nt14_nt15_0', 'nt14_nt15_1']
nt16:
	neigbor: ['nt21', 'nt17', 'nt11']
	ilds_in: ['nt21_nt16_0', 'nt17_nt16_0', 'nt17_nt16_1', 'nt11_nt16_0', 'np17_nt16_0', 'np17_nt16_1']
nt17:
	neigbor: ['nt22', 'nt18', 'nt12', 'nt16']
	ilds_in: ['nt22_nt17_0', 'nt18_nt17_0', 'nt18_nt17_1', 'nt12_nt17_0', 'nt16_nt17_0', 'nt16_nt17_1']
nt18:
	neigbor: ['nt23', 'nt19', 'nt13', 'nt17']
	ilds_in: ['nt23_nt18_0', 'nt19_nt18_0', 'nt19_nt18_1', 'nt13_nt18_0', 'nt17_nt18_0', 'nt17_nt18_1']
nt19:
	neigbor: ['nt24', 'nt20', 'nt14', 'nt18']
	ilds_in: ['nt24_nt19_0', 'nt20_nt19_0', 'nt20_nt19_1', 'nt14_nt19_0', 'nt18_nt19_0', 'nt18_nt19_1']
nt2:
	neigbor: ['nt7', 'nt3', 'nt1']
	ilds_in: ['nt7_nt2_0', 'nt3_nt2_0', 'nt3_nt2_1', 'np2_nt2_0', 'nt1_nt2_0', 'nt1_nt2_1']
nt20:
	neigbor: ['nt25', 'nt15', 'nt19']
	ilds_in: ['nt25_nt20_0', 'np9_nt20_0', 'np9_nt20_1', 'nt15_nt20_0', 'nt19_nt20_0', 'nt19_nt20_1']
nt21:
	neigbor: ['nt22', 'nt16']
	ilds_in: ['np15_nt21_0', 'nt22_nt21_0', 'nt22_nt21_1', 'nt16_nt21_0', 'np16_nt21_0', 'np16_nt21_1']
nt22:
	neigbor: ['nt23', 'nt17', 'nt21']
	ilds_in: ['np14_nt22_0', 'nt23_nt22_0', 'nt23_nt22_1', 'nt17_nt22_0', 'nt21_nt22_0', 'nt21_nt22_1']
nt23:
	neigbor: ['nt24', 'nt18', 'nt22']
	ilds_in: ['np13_nt23_0', 'nt24_nt23_0', 'nt24_nt23_1', 'nt18_nt23_0', 'nt22_nt23_0', 'nt22_nt23_1']
nt24:
	neigbor: ['nt25', 'nt19', 'nt23']
	ilds_in: ['np12_nt24_0', 'nt25_nt24_0', 'nt25_nt24_1', 'nt19_nt24_0', 'nt23_nt24_0', 'nt23_nt24_1']
nt25:
	neigbor: ['nt20', 'nt24']
	ilds_in: ['np11_nt25_0', 'np10_nt25_0', 'np10_nt25_1', 'nt20_nt25_0', 'nt24_nt25_0', 'nt24_nt25_1']
nt3:
	neigbor: ['nt8', 'nt4', 'nt2']
	ilds_in: ['nt8_nt3_0', 'nt4_nt3_0', 'nt4_nt3_1', 'np3_nt3_0', 'nt2_nt3_0', 'nt2_nt3_1']
nt4:
	neigbor: ['nt9', 'nt5', 'nt3']
	ilds_in: ['nt9_nt4_0', 'nt5_nt4_0', 'nt5_nt4_1', 'np4_nt4_0', 'nt3_nt4_0', 'nt3_nt4_1']
nt5:
	neigbor: ['nt10', 'nt4']
	ilds_in: ['nt10_nt5_0', 'np6_nt5_0', 'np6_nt5_1', 'np5_nt5_0', 'nt4_nt5_0', 'nt4_nt5_1']
nt6:
	neigbor: ['nt11', 'nt7', 'nt1']
	ilds_in: ['nt11_nt6_0', 'nt7_nt6_0', 'nt7_nt6_1', 'nt1_nt6_0', 'np19_nt6_0', 'np19_nt6_1']
nt7:
	neigbor: ['nt12', 'nt8', 'nt2', 'nt6']
	ilds_in: ['nt12_nt7_0', 'nt8_nt7_0', 'nt8_nt7_1', 'nt2_nt7_0', 'nt6_nt7_0', 'nt6_nt7_1']
nt8:
	neigbor: ['nt13', 'nt9', 'nt3', 'nt7']
	ilds_in: ['nt13_nt8_0', 'nt9_nt8_0', 'nt9_nt8_1', 'nt3_nt8_0', 'nt7_nt8_0', 'nt7_nt8_1']
nt9:
	neigbor: ['nt14', 'nt10', 'nt4', 'nt8']
	ilds_in: ['nt14_nt9_0', 'nt10_nt9_0', 'nt10_nt9_1', 'nt4_nt9_0', 'nt8_nt9_0', 'nt8_nt9_1']

2022-02-04 07:38:27,853 [INFO] Training: s dim: 1100, a dim 298023223876953125, s dim ls: [32, 42, 42, 52, 52, 52, 42, 42, 52, 52, 52, 42, 42, 32, 42, 42, 42, 32, 42, 42, 32, 42, 52, 52, 52], a dim ls: [5, 5, 5, 5, 5, 5, 5, 5, 5, 5, 5, 5, 5, 5, 5, 5, 5, 5, 5, 5, 5, 5, 5, 5, 5]
2022-02-04 07:39:25,851 [WARNING] From /home/madrl/anaconda3/envs/madrl/lib/python3.8/site-packages/tensorflow/python/training/rmsprop.py:192: calling Ones.__init__ (from tensorflow.python.ops.init_ops) with dtype is deprecated and will be removed in a future version.
Instructions for updating:
Call initializer instance with the dtype argument instead of passing it to the constructor
2022-02-04 08:14:11,070 [INFO] Training: global step 10000, episode step 640,
                                   r: -2177.20, train r: -350.64, done: False
2022-02-04 08:41:08,323 [INFO] Training: global step 20000, episode step 560,
                                   r: -2270.00, train r: -353.79, done: False
2022-02-04 09:08:06,137 [INFO] Training: global step 30000, episode step 480,
                                   r: -2301.60, train r: -367.80, done: False
2022-02-04 09:35:11,438 [INFO] Training: global step 40000, episode step 400,
                                   r: -686.60, train r: -111.60, done: False
2022-02-04 10:02:40,263 [INFO] Training: global step 50000, episode step 320,
                                   r: -568.60, train r: -87.03, done: False
2022-02-04 10:30:10,821 [INFO] Training: global step 60000, episode step 240,
                                   r: -389.40, train r: -63.39, done: False
2022-02-04 10:58:19,187 [INFO] Training: global step 70000, episode step 160,
                                   r: -273.00, train r: -40.93, done: False
2022-02-04 11:26:22,086 [INFO] Training: global step 80000, episode step 80,
                                   r: -161.80, train r: -25.97, done: False
2022-02-04 11:54:38,398 [INFO] Training: global step 90000, episode step 720,
                                   r: -3831.20, train r: -611.88, done: True
2022-02-04 12:22:51,952 [INFO] Training: global step 100000, episode step 640,
                                   r: -3127.40, train r: -508.75, done: False
2022-02-04 12:51:41,191 [INFO] Training: global step 110000, episode step 560,
                                   r: -2104.60, train r: -348.74, done: False
2022-02-04 13:20:03,884 [INFO] Training: global step 120000, episode step 480,
                                   r: -1594.80, train r: -254.40, done: False
2022-02-04 13:48:16,994 [INFO] Training: global step 130000, episode step 400,
                                   r: -616.40, train r: -93.89, done: False
2022-02-04 14:16:22,721 [INFO] Training: global step 140000, episode step 320,
                                   r: -585.20, train r: -87.04, done: False
2022-02-04 14:44:20,393 [INFO] Training: global step 150000, episode step 240,
                                   r: -400.80, train r: -63.61, done: False
2022-02-04 15:12:05,721 [INFO] Training: global step 160000, episode step 160,
                                   r: -265.40, train r: -41.35, done: False
2022-02-04 15:39:53,685 [INFO] Training: global step 170000, episode step 80,
                                   r: -142.20, train r: -23.03, done: False
2022-02-04 16:07:17,660 [INFO] Training: global step 180000, episode step 720,
                                   r: -1252.00, train r: -207.18, done: True
2022-02-04 16:35:34,397 [INFO] Training: global step 190000, episode step 640,
                                   r: -872.00, train r: -139.41, done: False
2022-02-04 17:03:35,147 [INFO] Training: global step 200000, episode step 560,
                                   r: -948.60, train r: -152.09, done: False
2022-02-04 17:31:31,076 [INFO] Training: global step 210000, episode step 480,
                                   r: -1013.00, train r: -156.67, done: False
2022-02-04 17:59:37,142 [INFO] Training: global step 220000, episode step 400,
                                   r: -900.00, train r: -141.39, done: False
2022-02-04 18:27:36,089 [INFO] Training: global step 230000, episode step 320,
                                   r: -377.80, train r: -56.38, done: False
2022-02-04 18:55:06,268 [INFO] Training: global step 240000, episode step 240,
                                   r: -455.00, train r: -73.21, done: False
2022-02-04 19:22:21,960 [INFO] Training: global step 250000, episode step 160,
                                   r: -148.40, train r: -22.84, done: False
2022-02-04 19:49:37,216 [INFO] Training: global step 260000, episode step 80,
                                   r: -148.00, train r: -21.70, done: False
2022-02-04 20:16:57,653 [INFO] Training: global step 270000, episode step 720,
                                   r: -4069.40, train r: -662.74, done: True
2022-02-04 20:44:54,665 [INFO] Training: global step 280000, episode step 640,
                                   r: -1155.40, train r: -169.08, done: False
2022-02-04 21:12:00,244 [INFO] Training: global step 290000, episode step 560,
                                   r: -1021.20, train r: -156.18, done: False
2022-02-04 21:39:07,331 [INFO] Training: global step 300000, episode step 480,
                                   r: -742.80, train r: -117.49, done: False
2022-02-04 22:05:49,197 [INFO] Training: global step 310000, episode step 400,
                                   r: -716.60, train r: -114.34, done: False
2022-02-04 22:32:37,531 [INFO] Training: global step 320000, episode step 320,
                                   r: -527.60, train r: -83.52, done: False
2022-02-04 23:00:01,972 [INFO] Training: global step 330000, episode step 240,
                                   r: -309.20, train r: -49.79, done: False
2022-02-04 23:27:15,049 [INFO] Training: global step 340000, episode step 160,
                                   r: -223.60, train r: -36.64, done: False
2022-02-04 23:53:43,840 [INFO] Training: global step 350000, episode step 80,
                                   r: -152.80, train r: -23.35, done: False
2022-02-05 00:20:16,840 [INFO] Training: global step 360000, episode step 720,
                                   r: -2090.40, train r: -323.88, done: True
2022-02-05 00:46:47,032 [INFO] Training: global step 370000, episode step 640,
                                   r: -2364.60, train r: -368.26, done: False
2022-02-05 01:13:52,313 [INFO] Training: global step 380000, episode step 560,
                                   r: -600.20, train r: -92.72, done: False
2022-02-05 01:40:39,871 [INFO] Training: global step 390000, episode step 480,
                                   r: -686.60, train r: -112.82, done: False
2022-02-05 02:07:48,393 [INFO] Training: global step 400000, episode step 400,
                                   r: -412.80, train r: -64.61, done: False
2022-02-05 02:34:56,516 [INFO] Training: global step 410000, episode step 320,
                                   r: -438.20, train r: -69.53, done: False
2022-02-05 03:02:04,396 [INFO] Training: global step 420000, episode step 240,
                                   r: -411.80, train r: -65.97, done: False
2022-02-05 03:29:10,944 [INFO] Training: global step 430000, episode step 160,
                                   r: -246.60, train r: -36.20, done: False
2022-02-05 03:55:55,428 [INFO] Training: global step 440000, episode step 80,
                                   r: -181.00, train r: -27.23, done: False
2022-02-05 04:22:17,753 [INFO] Training: global step 450000, episode step 720,
                                   r: -1088.40, train r: -172.17, done: True
2022-02-05 04:49:10,322 [INFO] Training: global step 460000, episode step 640,
                                   r: -1047.60, train r: -176.33, done: False
2022-02-05 05:15:50,273 [INFO] Training: global step 470000, episode step 560,
                                   r: -854.80, train r: -140.36, done: False
2022-02-05 05:42:39,768 [INFO] Training: global step 480000, episode step 480,
                                   r: -1202.00, train r: -192.36, done: False
2022-02-05 06:10:19,481 [INFO] Training: global step 490000, episode step 400,
                                   r: -733.80, train r: -118.24, done: False
2022-02-05 06:37:39,211 [INFO] Training: global step 500000, episode step 320,
                                   r: -427.40, train r: -66.61, done: False
2022-02-05 07:04:41,863 [INFO] Training: global step 510000, episode step 240,
                                   r: -418.20, train r: -67.16, done: False
2022-02-05 07:31:49,548 [INFO] Training: global step 520000, episode step 160,
                                   r: -223.60, train r: -35.30, done: False
2022-02-05 07:59:14,382 [INFO] Training: global step 530000, episode step 80,
                                   r: -136.80, train r: -20.12, done: False
2022-02-05 08:26:26,339 [INFO] Training: global step 540000, episode step 720,
                                   r: -3838.00, train r: -633.26, done: True
2022-02-05 08:53:44,312 [INFO] Training: global step 550000, episode step 640,
                                   r: -1511.80, train r: -244.22, done: False
2022-02-05 09:20:26,826 [INFO] Training: global step 560000, episode step 560,
                                   r: -3403.20, train r: -553.30, done: False
2022-02-05 09:46:58,918 [INFO] Training: global step 570000, episode step 480,
                                   r: -1729.20, train r: -295.67, done: False
2022-02-05 10:13:45,158 [INFO] Training: global step 580000, episode step 400,
                                   r: -658.40, train r: -106.54, done: False
2022-02-05 10:40:51,865 [INFO] Training: global step 590000, episode step 320,
                                   r: -427.80, train r: -68.12, done: False
2022-02-05 11:08:40,470 [INFO] Training: global step 600000, episode step 240,
                                   r: -407.40, train r: -65.90, done: False
2022-02-05 11:36:21,632 [INFO] Training: global step 610000, episode step 160,
                                   r: -191.40, train r: -29.70, done: False
2022-02-05 12:03:33,655 [INFO] Training: global step 620000, episode step 80,
                                   r: -99.40, train r: -14.80, done: False
2022-02-05 12:30:00,643 [INFO] Training: global step 630000, episode step 720,
                                   r: -706.40, train r: -117.10, done: True
2022-02-05 12:57:05,237 [INFO] Training: global step 640000, episode step 640,
                                   r: -3454.00, train r: -570.53, done: False
2022-02-05 13:24:35,333 [INFO] Training: global step 650000, episode step 560,
                                   r: -704.60, train r: -110.70, done: False
2022-02-05 13:52:19,245 [INFO] Training: global step 660000, episode step 480,
                                   r: -950.00, train r: -143.38, done: False
2022-02-05 14:21:29,758 [INFO] Training: global step 670000, episode step 400,
                                   r: -409.20, train r: -63.18, done: False
2022-02-05 14:51:13,121 [INFO] Training: global step 680000, episode step 320,
                                   r: -402.20, train r: -62.73, done: False
2022-02-05 15:21:54,668 [INFO] Training: global step 690000, episode step 240,
                                   r: -239.00, train r: -37.46, done: False
2022-02-05 15:53:02,187 [INFO] Training: global step 700000, episode step 160,
                                   r: -220.00, train r: -34.61, done: False
2022-02-05 16:23:16,732 [INFO] Training: global step 710000, episode step 80,
                                   r: -143.00, train r: -21.65, done: False
2022-02-05 16:53:06,490 [INFO] Training: global step 720000, episode step 720,
                                   r: -487.40, train r: -78.35, done: True
2022-02-05 17:22:59,456 [INFO] Training: global step 730000, episode step 640,
                                   r: -609.60, train r: -97.46, done: False
2022-02-05 17:52:09,292 [INFO] Training: global step 740000, episode step 560,
                                   r: -443.40, train r: -70.28, done: False
2022-02-05 18:21:03,337 [INFO] Training: global step 750000, episode step 480,
                                   r: -479.00, train r: -73.60, done: False
2022-02-05 18:49:31,821 [INFO] Training: global step 760000, episode step 400,
                                   r: -470.80, train r: -72.21, done: False
2022-02-05 19:17:36,886 [INFO] Training: global step 770000, episode step 320,
                                   r: -332.00, train r: -50.02, done: False
2022-02-05 19:45:53,103 [INFO] Training: global step 780000, episode step 240,
                                   r: -286.00, train r: -43.13, done: False
2022-02-05 20:13:59,546 [INFO] Training: global step 790000, episode step 160,
                                   r: -124.80, train r: -18.66, done: False
2022-02-05 20:42:11,911 [INFO] Training: global step 800000, episode step 80,
                                   r: -109.80, train r: -16.87, done: False
2022-02-05 21:10:41,270 [INFO] Training: global step 810000, episode step 720,
                                   r: -673.20, train r: -108.53, done: True
2022-02-05 21:39:39,392 [INFO] Training: global step 820000, episode step 640,
                                   r: -875.80, train r: -141.93, done: False
2022-02-05 22:08:42,055 [INFO] Training: global step 830000, episode step 560,
                                   r: -432.00, train r: -68.41, done: False
2022-02-05 22:38:35,121 [INFO] Training: global step 840000, episode step 480,
                                   r: -553.40, train r: -87.50, done: False
2022-02-05 23:08:03,902 [INFO] Training: global step 850000, episode step 400,
                                   r: -371.00, train r: -59.40, done: False
2022-02-05 23:37:28,541 [INFO] Training: global step 860000, episode step 320,
                                   r: -385.60, train r: -60.81, done: False
2022-02-06 00:07:02,992 [INFO] Training: global step 870000, episode step 240,
                                   r: -289.40, train r: -45.34, done: False
2022-02-06 00:36:19,308 [INFO] Training: global step 880000, episode step 160,
                                   r: -197.40, train r: -29.94, done: False
2022-02-06 01:06:06,472 [INFO] Training: global step 890000, episode step 80,
                                   r: -168.80, train r: -26.25, done: False
2022-02-06 01:35:40,238 [INFO] Training: global step 900000, episode step 720,
                                   r: -690.00, train r: -111.91, done: True
2022-02-06 02:05:31,397 [INFO] Training: global step 910000, episode step 640,
                                   r: -949.20, train r: -147.06, done: False
2022-02-06 02:35:25,096 [INFO] Training: global step 920000, episode step 560,
                                   r: -618.00, train r: -98.51, done: False
2022-02-06 03:05:23,520 [INFO] Training: global step 930000, episode step 480,
                                   r: -1040.40, train r: -177.93, done: False
2022-02-06 03:35:20,325 [INFO] Training: global step 940000, episode step 400,
                                   r: -726.80, train r: -117.23, done: False
2022-02-06 04:05:06,141 [INFO] Training: global step 950000, episode step 320,
                                   r: -687.60, train r: -109.96, done: False
2022-02-06 04:35:14,772 [INFO] Training: global step 960000, episode step 240,
                                   r: -368.20, train r: -57.83, done: False
2022-02-06 05:04:07,510 [INFO] Training: global step 970000, episode step 160,
                                   r: -181.40, train r: -27.90, done: False
2022-02-06 05:33:27,579 [INFO] Training: global step 980000, episode step 80,
                                   r: -151.80, train r: -23.87, done: False
2022-02-06 06:02:34,320 [INFO] Training: global step 990000, episode step 720,
                                   r: -2152.80, train r: -343.96, done: True
2022-02-06 06:31:32,032 [INFO] Training: global step 1000000, episode step 640,
                                   r: -736.80, train r: -103.01, done: False
2022-02-06 06:31:47,455 [INFO] Training: save final model at step 1000080 ...
